size: 34
node size:64
nb_moves:34
pre:-0.016436, cur:0.963668,modularity gap:0.980104
nb_moves:0
pre:0.963668, cur:0.963668,modularity gap:0.000000
#### new graph size:64
#### cluster size:30
#### actual cluster size:25
-------------------------------------
node 8589934593: cluster 8589934593
node 130: cluster 127
node 17179869187: cluster 4294967328
node 34359738372: cluster 42949672969
node 25769803781: cluster 25769803781
node 134: cluster 134
node 34359738375: cluster 25769803781
node 60129542152: cluster 85899345938
node 42949672969: cluster 42949672969
node 138: cluster 134
node 4294967307: cluster 4294967307
node 55834574860: cluster 47244640265
node 60129542157: cluster 30064771073
node 64424509454: cluster 42949672969
node 144: cluster 144
node 17: cluster 17
node 85899345938: cluster 85899345938
node 34359738371: cluster 8589934593
node 90194313236: cluster 81604378640
node 133143986198: cluster 8589934593
node 103079215127: cluster 103079215127
node 120259084315: cluster 103079215127
node 156: cluster 144
node 128849018909: cluster 137438953503
node 137438953503: cluster 137438953503
node 4294967328: cluster 4294967328
node 33: cluster 17
node 30064771073: cluster 30064771073
node 120259084302: cluster 141733920797
node 42: cluster 52
node 47244640263: cluster 4294967307
node 141733920797: cluster 141733920797
node 52: cluster 52
node 47244640265: cluster 47244640265
node 58: cluster 58
node 61: cluster 58
node 65: cluster 69
node 69: cluster 69
node 8589934625: cluster 4294967328
node 73: cluster 73
node 78: cluster 73
node 80: cluster 80
node 83: cluster 80
node 84: cluster 86
node 77309411342: cluster 77309411342
node 86: cluster 86
node 91: cluster 93
node 93: cluster 93
node 94489280532: cluster 77309411342
node 95: cluster 97
node 97: cluster 97
node 99: cluster 99
node 101: cluster 99
node 81604378640: cluster 81604378640
node 4294967313: cluster 25769803781
node 104: cluster 106
node 106: cluster 106
node 108: cluster 108
node 110: cluster 108
node 115: cluster 115
node 118: cluster 115
node 121: cluster 123
node 123: cluster 123
node 127: cluster 127
nb_moves:737
pre:-0.002600, cur:0.215383,modularity gap:0.217983
nb_moves:325
pre:0.215383, cur:0.353961,modularity gap:0.138578
nb_moves:80
pre:0.353961, cur:0.369644,modularity gap:0.015683
nb_moves:11
pre:0.369644, cur:0.370542,modularity gap:0.000898
#### new graph size:787
#### cluster size:10
#### actual cluster size:5
-------------------------------------
node 本兆: cluster $outlier$
node 青年老黄历: cluster keso已被XX
node Vincent_Zheng_Zhang: cluster $outlier$
node 王永坤_: cluster 非常天王黎明
node 青春的sikun: cluster 非常天王黎明
node 加州的好猫: cluster 何妈妈01
node 迪克老猫: cluster 何妈妈01
node 李_小瘋子: cluster 勇哥liuyo
node 复旦李翔: cluster $outlier$
node 何妈妈01: cluster 何妈妈01
node _Wenliang_: cluster 非常天王黎明
node IBM智慧云新商道: cluster 淘宝指数
node 李若玙: cluster 勇哥liuyo
node 沈醉2011: cluster 淘宝指数
node __风筝__: cluster 淘宝指数
node 卡姆菜菜子: cluster 勇哥liuyo
node Jingyi_Du: cluster 勇哥liuyo
node 兔主席: cluster keso已被XX
node 小说1980: cluster $outlier$
node 汉译名著: cluster keso已被XX
node 雅其爸爸: cluster 何妈妈01
node 代亚非: cluster 非常天王黎明
node 西瓜大丸子汤: cluster 淘宝指数
node LouMing久久: cluster 淘宝指数
node 科学网: cluster 非常天王黎明
node 九把刀: cluster keso已被XX
node 郭嘉丰_ICT: cluster 非常天王黎明
node 西祠响马: cluster 淘宝指数
node note_: cluster 非常天王黎明
node 黠之大者: cluster 淘宝指数
node 白硕SH: cluster 非常天王黎明
node 太阳下的真汉子: cluster 何妈妈01
node 李-曙光: cluster 非常天王黎明
node 骏聿科技龚晓鸣: cluster 何妈妈01
node 郑凯_Kevin: cluster 非常天王黎明
node caoz: cluster 淘宝指数
node 俞立中: cluster 勇哥liuyo
node 凯迪数据研究中心: cluster 淘宝指数
node 新浪大片: cluster keso已被XX
node 的灰: cluster keso已被XX
node YYeTs人人影视: cluster keso已被XX
node kite1988: cluster 非常天王黎明
node 宋波simba: cluster 淘宝指数
node 侬好谢伟民: cluster keso已被XX
node 史蒂芬高的松茸: cluster keso已被XX
node 语多天光: cluster keso已被XX
node 美国国家地理: cluster keso已被XX
node 复旦大学: cluster 何妈妈01
node 王小山: cluster keso已被XX
node xiangnanhe: cluster 勇哥liuyo
node 造字工房: cluster keso已被XX
node 马少平THU: cluster 非常天王黎明
node 此处空无一人: cluster 淘宝指数
node 全球趣事精选集: cluster 勇哥liuyo
node 童剑: cluster 淘宝指数
node 性感玉米: cluster keso已被XX
node 迷影网Cinephilia: cluster keso已被XX
node 组合优化与图论: cluster 非常天王黎明
node 中科院王飞跃: cluster 非常天王黎明
node 鄧錦浩Anthony: cluster 非常天王黎明
node 破破的桥: cluster keso已被XX
node 王海勋haixun: cluster 非常天王黎明
node 屋顶上的鬼火: cluster keso已被XX
node 数学文化: cluster 非常天王黎明
node 西洋东浦: cluster 非常天王黎明
node 批判性思维启蒙: cluster keso已被XX
node Kevin_ZhengYu: cluster 勇哥liuyo
node 李航博士: cluster 非常天王黎明
node 乌云-漏洞报告平台: cluster 淘宝指数
node 柴晓路: cluster 何妈妈01
node 只观而不语: cluster 非常天王黎明
node 范举应如是: cluster 非常天王黎明
node 陆嘉恒jiaheng: cluster 非常天王黎明
node 杜子德: cluster 非常天王黎明
node 退休的方进玉: cluster keso已被XX
node 庄越挺: cluster 非常天王黎明
node 网站分析公会: cluster 淘宝指数
node zhanglei_casa: cluster 勇哥liuyo
node 学徒王自健: cluster keso已被XX
node 苏菲婭: cluster 非常天王黎明
node 王秋月RUC: cluster 非常天王黎明
node 博众资讯: cluster 淘宝指数
node Zodzod_张浩: cluster 淘宝指数
node google那点事儿: cluster 淘宝指数
node 互联网广告杂谈: cluster 勇哥liuyo
node 快滚到锅里来: cluster 淘宝指数
node 临时小号88: cluster keso已被XX
node 华章计算机科学: cluster 淘宝指数
node Haitao_ND: cluster $outlier$
node 谢文: cluster 淘宝指数
node 黄艳YanHuang: cluster 非常天王黎明
node 老榕: cluster keso已被XX
node stoneliu笨笨: cluster 非常天王黎明
node 金土成: cluster keso已被XX
node 坤为厚载: cluster 勇哥liuyo
node 微博位置: cluster 何妈妈01
node 夏加儿美术江湾校区: cluster 何妈妈01
node 爬盟中国: cluster 非常天王黎明
node 死理性派: cluster keso已被XX
node xuningtx: cluster $outlier$
node 涛阿哥: cluster 非常天王黎明
node 王宏志_存在与虚无: cluster 非常天王黎明
node 理查德陆: cluster $outlier$
node 南半球的乡下妞: cluster 何妈妈01
node 酒井鱼鱼: cluster 非常天王黎明
node 安普若-安校长: cluster keso已被XX
node mingsheng1: cluster 淘宝指数
node 往年同日: cluster 何妈妈01
node 我就是一测试账号: cluster 勇哥liuyo
node 沙叶新: cluster keso已被XX
node xu-MSRA: cluster 非常天王黎明
node 数据藤: cluster 非常天王黎明
node 李炎_诸行无常: cluster 何妈妈01
node 梁斌penny: cluster 非常天王黎明
node Sherry_Pot: cluster 勇哥liuyo
node 拨惹尘: cluster keso已被XX
node 子夏曰: cluster $outlier$
node altax: cluster 何妈妈01
node clickstone: cluster 淘宝指数
node 信息不对称: cluster $outlier$
node acmwwy: cluster 淘宝指数
node trueicdi: cluster 勇哥liuyo
node 新浪公开课: cluster keso已被XX
node 我家有个灰兔子: cluster 淘宝指数
node Sulisu: cluster keso已被XX
node 家有猫好爱睡觉: cluster 何妈妈01
node 王鹏fd: cluster 非常天王黎明
node 毛十八: cluster keso已被XX
node ricos飞飞: cluster 非常天王黎明
node 四大员工权益联盟: cluster 何妈妈01
node ChocoboXu: cluster 淘宝指数
node 老沉: cluster keso已被XX
node 复旦舆情研究实验室: cluster 淘宝指数
node Stephen_Dongdi: cluster 何妈妈01
node 陈钰骐: cluster 何妈妈01
node 黄萱菁: cluster 非常天王黎明
node 越狱指南: cluster keso已被XX
node 拓尔思: cluster 淘宝指数
node EePengLim_林一平: cluster 非常天王黎明
node 杨峰陈碧: cluster keso已被XX
node 淘宝指数: cluster 淘宝指数
node 薛定谔汤猫: cluster keso已被XX
node 绿树根echo: cluster keso已被XX
node 艾德思奇adSage: cluster 淘宝指数
node 袁腾飞: cluster keso已被XX
node Eileen的又一块奶酪: cluster keso已被XX
node HelenSH2011: cluster 非常天王黎明
node 北京厨子: cluster keso已被XX
node 才吃了五十只生蚝: cluster 非常天王黎明
node 钱伯良: cluster keso已被XX
node jason建军: cluster 何妈妈01
node 叶兆言: cluster keso已被XX
node Johoshua: cluster $outlier$
node 玄了个澄的: cluster 淘宝指数
node 江芮围棋安远路教室: cluster 何妈妈01
node 汪小帆老师: cluster $outlier$
node 太空堡垒中国联盟: cluster keso已被XX
node hjk41: cluster 非常天王黎明
node 伟雄88: cluster $outlier$
node weiw_oz: cluster 非常天王黎明
node 清华南都: cluster $outlier$
node 袁工: cluster keso已被XX
node 爱影响: cluster 淘宝指数
node 假装在纽约: cluster keso已被XX
node ruanyf: cluster 淘宝指数
node 广州苹果树AppleTree: cluster keso已被XX
node 网易汪源: cluster 淘宝指数
node 视物致知: cluster 淘宝指数
node 酒井阿粗: cluster 非常天王黎明
node 上海老照片: cluster keso已被XX
node 封新城: cluster keso已被XX
node 捕鼠器戏剧工作室: cluster 何妈妈01
node 介大校长: cluster 非常天王黎明
node 数据魔方: cluster 淘宝指数
node 美剧迷: cluster keso已被XX
node 方木重山: cluster 何妈妈01
node 长翅膀的羊_nash: cluster 淘宝指数
node 乖乖mengmeng: cluster $outlier$
node 老师木: cluster 淘宝指数
node winedrink: cluster keso已被XX
node 益肇: cluster 非常天王黎明
node Tara_小确幸: cluster 非常天王黎明
node 环球漫游通讯: cluster 淘宝指数
node 檐下燕zqy: cluster 勇哥liuyo
node 色色猴: cluster keso已被XX
node 人生只如初见默默爱: cluster keso已被XX
node 邬桑: cluster keso已被XX
node 谢勇: cluster keso已被XX
node 夕拾朝花2010: cluster 何妈妈01
node 急诊科女超人于莺: cluster keso已被XX
node 新浪网球: cluster $outlier$
node 唐绿岸Lu-An: cluster 非常天王黎明
node 哈囉李敖: cluster keso已被XX
node Fenng: cluster 淘宝指数
node 魏武挥: cluster 淘宝指数
node 胡文纲: cluster 何妈妈01
node 程学旗_ICTCAS: cluster 非常天王黎明
node qxred: cluster 何妈妈01
node Twitter那些事儿: cluster 淘宝指数
node 神机卐天下: cluster 勇哥liuyo
node 中国书画艺术: cluster keso已被XX
node 微博热搜榜: cluster 淘宝指数
node 晓耕翻露草fiona: cluster 何妈妈01
node waim2013: cluster 非常天王黎明
node Harrie: cluster 淘宝指数
node 陈村: cluster keso已被XX
node marego: cluster 非常天王黎明
node ramaccioni: cluster keso已被XX
node 丁丁的Twitter: cluster keso已被XX
node 科学探索: cluster keso已被XX
node Listerine: cluster 何妈妈01
node 魏寒枫: cluster keso已被XX
node 爱单反: cluster $outlier$
node 周傲英: cluster 何妈妈01
node 潘越_: cluster 非常天王黎明
node hemama03: cluster 何妈妈01
node TU_Wenting: cluster 淘宝指数
node 唐朝晖_adSage: cluster 淘宝指数
node 张夏天_机器学习: cluster 淘宝指数
node 蔡文渊Hypers: cluster $outlier$
node 瑞melb: cluster 非常天王黎明
node 斯库里: cluster keso已被XX
node 逸_仙: cluster keso已被XX
node 老晃微博: cluster keso已被XX
node 青媒素: cluster keso已被XX
node NWPU刘海龙: cluster 非常天王黎明
node 梓菡妈_HPP: cluster 何妈妈01
node 徐建良Jianliang: cluster 非常天王黎明
node 李海鹏: cluster keso已被XX
node 厦大林子雨: cluster 非常天王黎明
node 徐凯_KevinXu: cluster 何妈妈01
node 谷奥: cluster 淘宝指数
node 花总遥望五指山: cluster keso已被XX
node imurz: cluster 何妈妈01
node 程程鱼cheng: cluster 勇哥liuyo
node FennixXx: cluster 何妈妈01
node 燕子姐姐讲故事: cluster keso已被XX
node 家有猫好: cluster 何妈妈01
node 到哪里都是主场: cluster keso已被XX
node 刘洋THU: cluster 非常天王黎明
node 黄教授: cluster keso已被XX
node 孙剑_ai: cluster 非常天王黎明
node 我们都是有病的人: cluster keso已被XX
node 余凯_西二旗民工: cluster 非常天王黎明
node InfoQ: cluster 淘宝指数
node 互联网挖掘实验室: cluster 淘宝指数
node tianweis: cluster keso已被XX
node 神马小菜不止一碟: cluster 非常天王黎明
node 阳光下的微笑控: cluster 勇哥liuyo
node 方滨兴: cluster 非常天王黎明
node 上海人李劼: cluster keso已被XX
node __姜苗__: cluster 勇哥liuyo
node 陈利人: cluster 淘宝指数
node 朝日新闻中文网: cluster keso已被XX
node 竹人ZZ: cluster 非常天王黎明
node 吕玉才的微博: cluster 勇哥liuyo
node keso已被XX: cluster 淘宝指数
node bingjane: cluster $outlier$
node 王威廉: cluster 非常天王黎明
node 心情如洗: cluster 勇哥liuyo
node 导演娄烨: cluster keso已被XX
node BSGroup: cluster 何妈妈01
node 欣欣不适合学术: cluster 勇哥liuyo
node 邱越峰: cluster 何妈妈01
node 北平頑主: cluster keso已被XX
node biboxinxin: cluster $outlier$
node 清水湾家庭主妇: cluster 非常天王黎明
node 单之蔷: cluster keso已被XX
node CSDN云计算: cluster 淘宝指数
node 马伯庸: cluster keso已被XX
node Chen_1st: cluster 非常天王黎明
node Frank-林锋: cluster 何妈妈01
node 阿鼠微博: cluster keso已被XX
node 辟谣联盟: cluster keso已被XX
node Stonebraker: cluster 非常天王黎明
node 东东枪: cluster keso已被XX
node 彭浩翔: cluster keso已被XX
node iDataForum: cluster 淘宝指数
node 中国抗癌网官方微博: cluster keso已被XX
node 圈内电影人吐槽马甲: cluster keso已被XX
node 华东师范大学软件学院: cluster 勇哥liuyo
node xiaruifd: cluster $outlier$
node 人红河湖: cluster keso已被XX
node 熊辉Rutgers: cluster 非常天王黎明
node Jiayin00: cluster 何妈妈01
node 妖灵妖: cluster keso已被XX
node 手机号码13923127769: cluster keso已被XX
node dongminSH: cluster 勇哥liuyo
node 贺奇heqi: cluster $outlier$
node f晓园: cluster 勇哥liuyo
node 华东师范大学: cluster 勇哥liuyo
node 阿里云: cluster 淘宝指数
node 新浪娱乐: cluster keso已被XX
node 任勇_博士僧: cluster 非常天王黎明
node relnoldatyn: cluster 何妈妈01
node 上海地铁shmetro: cluster keso已被XX
node 勇哥liuyo: cluster 勇哥liuyo
node 陆老神仙: cluster keso已被XX
node NEU王斌: cluster 非常天王黎明
node 谷大白话: cluster keso已被XX
node 那些年我们关注过的微博: cluster 勇哥liuyo
node 寒冰小白龙: cluster 何妈妈01
node 百度云战略: cluster 淘宝指数
node SIGKDD2012: cluster 非常天王黎明
node 我是四条: cluster 何妈妈01
node 王敏MinWang: cluster 非常天王黎明
node Tony_Du: cluster 何妈妈01
node 图灵郭志敏: cluster 淘宝指数
node 诉_就是喜欢瞎折腾: cluster 非常天王黎明
node LAMP人: cluster 淘宝指数
node 狂澜孤岛: cluster keso已被XX
node 歪小点创意工作室: cluster keso已被XX
node 心静自酌: cluster 非常天王黎明
node 左老板吹牛: cluster keso已被XX
node 上海市天气: cluster keso已被XX
node 张奇FDU: cluster 非常天王黎明
node 留几手: cluster keso已被XX
node 丁香园: cluster keso已被XX
node 徐志明: cluster 非常天王黎明
node cinekino: cluster keso已被XX
node 卑鄙马维斯: cluster keso已被XX
node 东方早报上海书评: cluster keso已被XX
node _春风吹又生_: cluster 勇哥liuyo
node 互联网的那点事: cluster 淘宝指数
node JoTiger: cluster keso已被XX
node 宝信软件_嵇晓: cluster 非常天王黎明
node 茅于轼: cluster keso已被XX
node 北京大学李晓明: cluster 非常天王黎明
node 新浪科技: cluster 淘宝指数
node OceanBase开源: cluster 淘宝指数
node Roambi上海: cluster 何妈妈01
node mirth: cluster keso已被XX
node 健婉: cluster keso已被XX
node 赤顽设: cluster keso已被XX
node 宾波的魔桶: cluster 勇哥liuyo
node zhujie的围脖: cluster 勇哥liuyo
node 魏谦屹: cluster 勇哥liuyo
node ShangguanRPI: cluster 淘宝指数
node 孙_广中: cluster 非常天王黎明
node fengyuncrawl: cluster 淘宝指数
node 包云岗: cluster 非常天王黎明
node 陈宝权: cluster 非常天王黎明
node guoxintao: cluster keso已被XX
node 洪亮劼: cluster 非常天王黎明
node 小蝌蚪K: cluster 勇哥liuyo
node 社会网络与数据挖掘: cluster 淘宝指数
node 微天下: cluster keso已被XX
node 奥卡姆剃刀: cluster keso已被XX
node 小V: cluster keso已被XX
node 东西文库: cluster keso已被XX
node 北冥乘海生: cluster 勇哥liuyo
node 花生色魔叔: cluster 何妈妈01
node SocialBeta: cluster 淘宝指数
node shawyh: cluster 非常天王黎明
node 拟南芥: cluster keso已被XX
node 平平淡淡才是真-倪渊: cluster 非常天王黎明
node Linux中国: cluster 淘宝指数
node 月亮摇摇小鱼儿: cluster 何妈妈01
node beijingairpm25: cluster 何妈妈01
node 欧特克SketchBook: cluster 淘宝指数
node 小丫丫脚: cluster 勇哥liuyo
node 天津王姐: cluster $outlier$
node 张泉灵: cluster keso已被XX
node 粉墨判官: cluster keso已被XX
node 土耳其航空公司上海办事处: cluster 何妈妈01
node 非常天王黎明: cluster 非常天王黎明
node 凤凰社会能见度: cluster keso已被XX
node 管刚: cluster 非常天王黎明
node 张磊MSRA: cluster 非常天王黎明
node 天才小熊猫: cluster keso已被XX
node 乐行上海: cluster keso已被XX
node CSDuyong: cluster 非常天王黎明
node 复旦泉BBS_谁也不知道的秋天: cluster 何妈妈01
node KSTORE杭州研发团队: cluster 淘宝指数
node 吴益忠-Corps: cluster $outlier$
node 微博平台架构: cluster 淘宝指数
node 张东祥_NUS: cluster 非常天王黎明
node 沪中强者: cluster 何妈妈01
node cbvivi: cluster keso已被XX
node ChrisKXu苦BEE: cluster 勇哥liuyo
node YOCSEF之声: cluster 非常天王黎明
node TexasWang: cluster 何妈妈01
node feibochen: cluster $outlier$
node 金澈清: cluster 勇哥liuyo
node Yunio: cluster 淘宝指数
node 张俊林say: cluster 淘宝指数
node 朱小燕THU: cluster 非常天王黎明
node 新浪体育: cluster keso已被XX
node ___ZZJ___: cluster 非常天王黎明
node MediaV-聚胜万合: cluster 勇哥liuyo
node 贺卫方: cluster keso已被XX
node 王立R9: cluster 勇哥liuyo
node Jessie爱电影: cluster 勇哥liuyo
node 一只饭桶_张世乐: cluster 何妈妈01
node 于旭jxyu: cluster 非常天王黎明
node 1-0-1-0-1-0-1-0-1-0-0-0-0-1-11: cluster 非常天王黎明
node CHN免费网: cluster 何妈妈01
node 一找小七: cluster $outlier$
node 澎湃的心_PX: cluster keso已被XX
node 伊人是Superwoman: cluster 勇哥liuyo
node linegroup: cluster 勇哥liuyo
node WISE2013_Entity_Challenge: cluster 非常天王黎明
node NP-complete: cluster 勇哥liuyo
node 设计的那些事: cluster 淘宝指数
node 字节社: cluster 淘宝指数
node 贺瑞君_: cluster 非常天王黎明
node Yao-_0: cluster 勇哥liuyo
node 吴甘沙: cluster keso已被XX
node 莺桃小丸子闫-YanYing: cluster $outlier$
node 邹兆年: cluster 非常天王黎明
node 程序员幽默: cluster 淘宝指数
node 听海者Amigo: cluster 何妈妈01
node 王左中右: cluster keso已被XX
node 中国人工智能学会CAAI: cluster 非常天王黎明
node hehemouse: cluster 何妈妈01
node 你我团: cluster 何妈妈01
node 王伟: cluster keso已被XX
node 詹剑锋_中科院: cluster 非常天王黎明
node 戚-建中: cluster 非常天王黎明
node 袋鼠角: cluster 勇哥liuyo
node 英式没品笑话百科: cluster keso已被XX
node 大唧歪: cluster 何妈妈01
node agentzh: cluster 淘宝指数
node Google黑板报: cluster 淘宝指数
node 张高微博: cluster 非常天王黎明
node 自动学科数字化知识服务网络平台: cluster 非常天王黎明
node 54zhuzhu: cluster 淘宝指数
node 杨炯纬: cluster 勇哥liuyo
node 刀尔登: cluster keso已被XX
node 宋阳秋: cluster 非常天王黎明
node 莫之许_: cluster keso已被XX
node 王靓伟: cluster 非常天王黎明
node Source: cluster $outlier$
node 小众菜园: cluster keso已被XX
node 图灵教育: cluster 淘宝指数
node 寿黎但lidan: cluster 非常天王黎明
node 北大崔斌: cluster 非常天王黎明
node 唐宋_彭超: cluster 何妈妈01
node 半辈子: cluster keso已被XX
node 上海森宏进口标致汽车: cluster 何妈妈01
node 吕氏讲堂: cluster $outlier$
node 浪琴的琴: cluster 何妈妈01
node Zhao_Jin: cluster 非常天王黎明
node 歌之忆: cluster 非常天王黎明
node 俞白眉: cluster keso已被XX
node 胡宁: cluster 淘宝指数
node 新IT民工: cluster 淘宝指数
node _Rhein_: cluster 勇哥liuyo
node 面包霸霸: cluster 何妈妈01
node xiaoyang_unsw: cluster 非常天王黎明
node 微盘: cluster 淘宝指数
node Melodies365: cluster keso已被XX
node 最近喝红茶: cluster 何妈妈01
node Target: cluster $outlier$
node 小井老师: cluster keso已被XX
node yidsumi: cluster 勇哥liuyo
node 小诺_pinocchio: cluster 非常天王黎明
node 水木Joke版: cluster 非常天王黎明
node 李国良THU: cluster 非常天王黎明
node 敦敦伟大友谊: cluster 勇哥liuyo
node 果壳性情: cluster keso已被XX
node 一毛: cluster keso已被XX
node MinqiZhou: cluster 勇哥liuyo
node 如意Euyi: cluster 非常天王黎明
node IIRCourse: cluster 非常天王黎明
node DDDDDDDDDDDDD大叔: cluster $outlier$
node 张彦春Yanchun: cluster 非常天王黎明
node IT程序猿: cluster 淘宝指数
node 36氪: cluster 淘宝指数
node 作业本: cluster keso已被XX
node 孙时进: cluster 何妈妈01
node 清华大学出版社第三事业部: cluster 淘宝指数
node 宁财神: cluster keso已被XX
node 六年级二班-王乐乐: cluster keso已被XX
node cao-feng: cluster $outlier$
node 我爱发财小朋友: cluster 勇哥liuyo
node SinaAppEngine: cluster 淘宝指数
node veelion: cluster 淘宝指数
node 西卡_TUP: cluster 淘宝指数
node 北京赵乾坤: cluster 淘宝指数
node 王江涛的微博: cluster keso已被XX
node 麻省理工科技创业: cluster 淘宝指数
node yumoun_Lam: cluster 勇哥liuyo
node 微报告: cluster 何妈妈01
node Jedi-Shang: cluster 非常天王黎明
node 蓓儿: cluster $outlier$
node 孟卫一WeiyiMeng: cluster 非常天王黎明
node EMC中国研究院: cluster 淘宝指数
node 爱问共享资料: cluster 淘宝指数
node 天涯棋客江芮: cluster keso已被XX
node 严锋: cluster keso已被XX
node dong_xia_tong: cluster 勇哥liuyo
node Geek笑点低: cluster keso已被XX
node hashjoin: cluster 勇哥liuyo
node 邓栋DongDeng: cluster 非常天王黎明
node Nancy要加油fighting: cluster 勇哥liuyo
node 九州处处奔雷: cluster keso已被XX
node 此清可待: cluster 淘宝指数
node Kielboat: cluster keso已被XX
node 浙大陈为: cluster 淘宝指数
node 凯文城: cluster keso已被XX
node 肉唐僧: cluster keso已被XX
node 英文原版电子书: cluster keso已被XX
node 花总丢了金箍棒: cluster keso已被XX
node 徐钦勇SH: cluster keso已被XX
node habor301: cluster keso已被XX
node 李武军sjtu: cluster 非常天王黎明
node 王小科坏坏: cluster 淘宝指数
node lilac_zhang: cluster 勇哥liuyo
node Shao-Bin: cluster 非常天王黎明
node zizon: cluster 淘宝指数
node 亵渎电影: cluster keso已被XX
node Undefined-Symbol: cluster 勇哥liuyo
node 金兼斌: cluster 淘宝指数
node 王跃文: cluster keso已被XX
node USTC_笑江湖: cluster 非常天王黎明
node 橙译中科: cluster 非常天王黎明
node 擎天之父: cluster 何妈妈01
node 赵楚: cluster keso已被XX
node 无边界创新沙龙: cluster 非常天王黎明
node 朱威廉: cluster keso已被XX
node snowland: cluster 非常天王黎明
node ZENITHknight: cluster 淘宝指数
node 苏涵Suan: cluster 非常天王黎明
node 落魄书生周筱赟: cluster keso已被XX
node 北大新媒体: cluster 淘宝指数
node 胡颢继: cluster 勇哥liuyo
node 祝海通: cluster 勇哥liuyo
node hzqedison: cluster 淘宝指数
node raychzh: cluster 勇哥liuyo
node ITNLP: cluster 非常天王黎明
node 冯志伟2011: cluster 非常天王黎明
node WeiChen_RUC: cluster 非常天王黎明
node only芸芸: cluster 何妈妈01
node 华盛顿州baston: cluster $outlier$
node 诸超_小石头爸爸: cluster 淘宝指数
node 按时抽烟: cluster 何妈妈01
node 董力at北航: cluster 非常天王黎明
node 鹦鹉史航: cluster keso已被XX
node 蛋蛋石: cluster 勇哥liuyo
node 郑宇MSRA: cluster 非常天王黎明
node WebInsight互联网测评: cluster 淘宝指数
node 青少年艺校: cluster $outlier$
node 唐杰THU: cluster 非常天王黎明
node 宁静致远渡重洋: cluster 何妈妈01
node 月光博客: cluster 淘宝指数
node Ada爱做梦: cluster 勇哥liuyo
node 左小祖咒: cluster keso已被XX
node 作家崔成浩: cluster keso已被XX
node 苏中_bj: cluster 非常天王黎明
node 魏君子: cluster keso已被XX
node dao_tao: cluster 勇哥liuyo
node gtzjw: cluster 勇哥liuyo
node fcicq: cluster 淘宝指数
node 潘爱民: cluster 淘宝指数
node 心中de提拉米苏: cluster 勇哥liuyo
node 变态辣椒禁言: cluster keso已被XX
node 潘采夫: cluster keso已被XX
node 李承鹏: cluster keso已被XX
node 我是好人啊啊啊啊h: cluster 勇哥liuyo
node 头条新闻: cluster keso已被XX
node 铁蛋_李: cluster 何妈妈01
node 伊利诺伊黑旋风: cluster keso已被XX
node 我来自2052年: cluster 何妈妈01
node 不加V: cluster keso已被XX
node 谢幸Xing: cluster 非常天王黎明
node 陈染ChanIm: cluster keso已被XX
node 刘群MT-to-Death: cluster 非常天王黎明
node 舆情透视: cluster keso已被XX
node 大脸包子君: cluster 何妈妈01
node ArnetMiner: cluster 非常天王黎明
node _浪潮之巅_: cluster 淘宝指数
node xwild: cluster 淘宝指数
node 于建嵘: cluster keso已被XX
node 孙麟v: cluster $outlier$
node 老张漫画: cluster keso已被XX
node 李庄: cluster keso已被XX
node ElStar: cluster 淘宝指数
node 知乎: cluster 淘宝指数
node 美國駐港總領事館: cluster keso已被XX
node 于红DLOU: cluster 非常天王黎明
node 孙茂松: cluster 非常天王黎明
node 阿里正祥: cluster 淘宝指数
node 春春_大器晚成小狮子: cluster keso已被XX
node 永中软件官方微博: cluster 淘宝指数
node 上海陈子善: cluster keso已被XX
node 同济志飞: cluster 非常天王黎明
node 殷志君Zhijun: cluster $outlier$
node 人间指南杂志: cluster keso已被XX
node 文三娃: cluster keso已被XX
node 朱其立Kenny: cluster 非常天王黎明
node 乱七八糟的Shanny: cluster $outlier$
node 代码手雪莉de达令: cluster 勇哥liuyo
node Shanny的微博: cluster $outlier$
node YQXU2010: cluster 非常天王黎明
node 闾丘露薇: cluster keso已被XX
node 张宏江: cluster 非常天王黎明
node 哎呀数学馆好热: cluster 勇哥liuyo
node 换了号: cluster keso已被XX
node 图宾根木匠: cluster keso已被XX
node memex2010: cluster 勇哥liuyo
node tango2010: cluster keso已被XX
node 周晓方Xiaofang: cluster 非常天王黎明
node 张雅其之父: cluster 何妈妈01
node 伪文艺科学青年: cluster keso已被XX
node 王筒: cluster keso已被XX
node janole: cluster 何妈妈01
node 吴恒也: cluster keso已被XX
node 羽毛贰零壹伍预览版: cluster 勇哥liuyo
node 变态辣椒: cluster keso已被XX
node 该用户有时在有时不在: cluster 勇哥liuyo
node 裴宣手札: cluster keso已被XX
node 石扉客在北京: cluster keso已被XX
node 春卷: cluster keso已被XX
node 天下无雪的理想世界: cluster 何妈妈01
node 幻想中的完美世界: cluster 何妈妈01
node 黃秋生: cluster keso已被XX
node 上海市格致中学: cluster keso已被XX
node 戴_军: cluster 淘宝指数
node 羊羊和妃妃: cluster 勇哥liuyo
node chenleihkust: cluster 非常天王黎明
node 厦大林琛: cluster 非常天王黎明
node 罗家德: cluster 淘宝指数
node nosqlfan: cluster 淘宝指数
node 中国计算机学会CCF: cluster 非常天王黎明
node 诸老师: cluster $outlier$
node 海外倒韩派联盟: cluster keso已被XX
node 微软亚洲研究院: cluster 非常天王黎明
node tinyfool: cluster 淘宝指数
node 朱飞达_新加坡管理大学: cluster 非常天王黎明
node 译言: cluster keso已被XX
node 老FK: cluster keso已被XX
node 中国非结构化数据管理高峰论坛: cluster 何妈妈01
node LonelyPlanet: cluster keso已被XX
node 卡拉OK统计学家: cluster 何妈妈01
node 做好自己的事OK没什么大不了的: cluster 淘宝指数
node 耗资小王: cluster 淘宝指数
node xiafan68: cluster 勇哥liuyo
node 耿新跃: cluster 淘宝指数
node WYF的一位老朋友: cluster 非常天王黎明
node HeitaoAa: cluster 非常天王黎明
node 袁裕来: cluster keso已被XX
node dar_shan: cluster 何妈妈01
node 宣克炅: cluster keso已被XX
node bzhao: cluster 非常天王黎明
node 麦乐蒂草: cluster 何妈妈01
node ___pm: cluster 何妈妈01
node 邱锡鹏: cluster 非常天王黎明
node 黄章晋ster: cluster keso已被XX
node 一毛不拔大师: cluster keso已被XX
node lwt-文涛无略: cluster keso已被XX
node 顶真古denny: cluster $outlier$
node 卫西谛: cluster keso已被XX
node 陈志武: cluster keso已被XX
node manuzhang1990: cluster 勇哥liuyo
node 我的前任是个极品: cluster keso已被XX
node 刘挺: cluster 非常天王黎明
node bestzhi: cluster 非常天王黎明
node yesheng梦笔生花故里: cluster 何妈妈01
node wawayuer: cluster 勇哥liuyo
node 新浪手机: cluster 淘宝指数
node 小肚牛: cluster keso已被XX
node 爱的马斯特: cluster 淘宝指数
node 以色列在中国: cluster keso已被XX
node 果壳网: cluster keso已被XX
node Facebook那点事儿: cluster 淘宝指数
node 靳婷_FDU: cluster 非常天王黎明
node 左耳朵耗子: cluster 淘宝指数
node 朱萧木: cluster keso已被XX
node wnqian: cluster 何妈妈01
node 聚合分析: cluster 勇哥liuyo
node 十年砍柴: cluster keso已被XX
node 李雪Xueli_UQ: cluster 非常天王黎明
node TVBS: cluster 何妈妈01
node 华东师范大学海量计算研究所: cluster 勇哥liuyo
node 爱呼吸的大象: cluster 勇哥liuyo
node 李华芳: cluster keso已被XX
node 申恒涛: cluster 非常天王黎明
node bnu_chenshuo: cluster 淘宝指数
node 记录者陈宝成: cluster keso已被XX
node 宅男胖胖傻乎乎: cluster 勇哥liuyo
node 程鸡鸡: cluster keso已被XX
node 刘铁岩: cluster 非常天王黎明
node 葛剑雄: cluster keso已被XX
node 恒图铁蛋: cluster $outlier$
node 周雪cher: cluster keso已被XX
node 邱毅台湾: cluster keso已被XX
node butterjin: cluster keso已被XX
node 凌晓峰CharlesLing: cluster 非常天王黎明
node 金连文: cluster 非常天王黎明
node 199IT-互联网数据中心: cluster 淘宝指数
node 五岳散人: cluster keso已被XX
node Arber: cluster 非常天王黎明
node wusai80: cluster 非常天王黎明
node 微博开放平台: cluster 淘宝指数
node -李鹏-_: cluster 何妈妈01
node 季风书园: cluster keso已被XX
node SocialBiz: cluster 淘宝指数
node 木卫二: cluster keso已被XX
node 钭江明: cluster keso已被XX
node 长安旧梦: cluster keso已被XX
node wendy_迪迪: cluster 勇哥liuyo
node 他又回精神病院啦: cluster $outlier$
node yinan_wisc: cluster 非常天王黎明
node 和菜头: cluster keso已被XX
node ZXiaoGraphic: cluster 勇哥liuyo
node 綝間: cluster keso已被XX
node 段郎说事: cluster keso已被XX
node 樂_Song: cluster 勇哥liuyo
node 文冤阁大学士: cluster keso已被XX
node 刘苏里: cluster keso已被XX
node 吴佩筠妈妈new: cluster 何妈妈01
node 斯堪地客: cluster 非常天王黎明
node wenjie379: cluster 非常天王黎明
node 李含予: cluster 非常天王黎明
node liuchenxjtu: cluster 非常天王黎明
node 罗永浩: cluster keso已被XX
node FDU苏杰: cluster keso已被XX
node 涵BABA: cluster 非常天王黎明
node 吴爽Shirley: cluster 勇哥liuyo
node wenjie_unsw: cluster 非常天王黎明
node NP就是P: cluster 淘宝指数
node 此帐号停止更新: cluster 淘宝指数
node 禹晓辉_沐雨观澜: cluster 非常天王黎明
node latex2e: cluster 何妈妈01
node 菜园龙哥: cluster keso已被XX
node omega-gm: cluster 勇哥liuyo
node 彭煜玮WHU: cluster 非常天王黎明
node summerrlee: cluster 淘宝指数
node 李皖: cluster keso已被XX
node SAP卢东明: cluster 淘宝指数
node 周烜--他: cluster 非常天王黎明
node 发财小朋友: cluster 勇哥liuyo
node 智勇新加坡: cluster 非常天王黎明
node 丁学良: cluster keso已被XX
node 刘瑜: cluster keso已被XX
node 学到老-tangchangjie: cluster 非常天王黎明
node tttbee: cluster keso已被XX
node 欢乐的云端之上: cluster keso已被XX
node 南-游历29国: cluster 非常天王黎明
node 德川: cluster 淘宝指数
node 辣椒大爷: cluster keso已被XX
node 哈哈越越: cluster 勇哥liuyo
node 黄宇凯: cluster $outlier$
node 押沙龙: cluster keso已被XX
node 一找小八: cluster $outlier$
node 龙泉寺信息技术组: cluster 淘宝指数
node 李淼在微博: cluster keso已被XX
node UooApp优应用: cluster 何妈妈01
node 复旦张_军平: cluster 非常天王黎明
node DataScientist: cluster 淘宝指数
node 淘宝褚霸: cluster 淘宝指数
node TFCLUB变形金刚中国联盟: cluster keso已被XX
node 胡泳: cluster keso已被XX
node 华尔街日报中文网: cluster keso已被XX
node 雪娃娃童画: cluster keso已被XX
node 厦大邹权: cluster 非常天王黎明
node 单超_eric: cluster 淘宝指数
node 袁裕来律师: cluster keso已被XX
node 抓金: cluster 何妈妈01
node 淘许成Jonathan: cluster 淘宝指数
node 步仁章: cluster keso已被XX
node 刘健动画: cluster keso已被XX
node 西里村: cluster 非常天王黎明
node sigmod: cluster 非常天王黎明
node Sean王晓阳: cluster 非常天王黎明
node 良司: cluster keso已被XX
node 谁抢了我的天生胆小: cluster $outlier$
node 王尔冈: cluster keso已被XX
node CBWang: cluster 勇哥liuyo
node 曝瞳: cluster keso已被XX
node 大山坡的春: cluster 非常天王黎明
node 千千说不寻: cluster 勇哥liuyo
node iApp4Me: cluster 淘宝指数
node 勿怪幸: cluster keso已被XX
node Azalea_Du: cluster 勇哥liuyo
node 土家野夫: cluster keso已被XX
node 聚效广告平台: cluster 勇哥liuyo
node hhtsiu: cluster keso已被XX
node 微博辟谣: cluster keso已被XX
node 马强_sh: cluster 勇哥liuyo
node WeiPhone: cluster 淘宝指数
node 陈珂--arke: cluster 淘宝指数
node 糊里糊涂的ZhaoZhang: cluster 勇哥liuyo
node 汪卫_fudan: cluster 非常天王黎明
node DataV: cluster 淘宝指数
node XueminLin: cluster 非常天王黎明
cluster size:6
node 本兆: cluster $outlier$
node 青年老黄历: cluster keso已被XX
node Vincent_Zheng_Zhang: cluster $outlier$
node 王永坤_: cluster 非常天王黎明
node 青春的sikun: cluster 非常天王黎明
node 加州的好猫: cluster 何妈妈01
node 迪克老猫: cluster 何妈妈01
node 李_小瘋子: cluster 勇哥liuyo
node 复旦李翔: cluster $outlier$
node 何妈妈01: cluster 何妈妈01
node _Wenliang_: cluster 非常天王黎明
node IBM智慧云新商道: cluster 淘宝指数
node 李若玙: cluster 勇哥liuyo
node 沈醉2011: cluster 淘宝指数
node __风筝__: cluster 淘宝指数
node 卡姆菜菜子: cluster 勇哥liuyo
node Jingyi_Du: cluster 勇哥liuyo
node 兔主席: cluster keso已被XX
node 小说1980: cluster $outlier$
node 汉译名著: cluster keso已被XX
node 雅其爸爸: cluster 何妈妈01
node 代亚非: cluster 非常天王黎明
node 西瓜大丸子汤: cluster 淘宝指数
node LouMing久久: cluster 淘宝指数
node 科学网: cluster 非常天王黎明
node 九把刀: cluster keso已被XX
node 郭嘉丰_ICT: cluster 非常天王黎明
node 西祠响马: cluster 淘宝指数
node note_: cluster 非常天王黎明
node 黠之大者: cluster 淘宝指数
node 白硕SH: cluster 非常天王黎明
node 太阳下的真汉子: cluster 何妈妈01
node 李-曙光: cluster 非常天王黎明
node 骏聿科技龚晓鸣: cluster 何妈妈01
node 郑凯_Kevin: cluster 非常天王黎明
node caoz: cluster 淘宝指数
node 俞立中: cluster 勇哥liuyo
node 凯迪数据研究中心: cluster 淘宝指数
node 新浪大片: cluster keso已被XX
node 的灰: cluster keso已被XX
node YYeTs人人影视: cluster keso已被XX
node kite1988: cluster 非常天王黎明
node 宋波simba: cluster 淘宝指数
node 侬好谢伟民: cluster keso已被XX
node 史蒂芬高的松茸: cluster keso已被XX
node 语多天光: cluster keso已被XX
node 美国国家地理: cluster keso已被XX
node 复旦大学: cluster 何妈妈01
node 王小山: cluster keso已被XX
node xiangnanhe: cluster 勇哥liuyo
node 造字工房: cluster keso已被XX
node 马少平THU: cluster 非常天王黎明
node 此处空无一人: cluster 淘宝指数
node 全球趣事精选集: cluster 勇哥liuyo
node 童剑: cluster 淘宝指数
node 性感玉米: cluster keso已被XX
node 迷影网Cinephilia: cluster keso已被XX
node 组合优化与图论: cluster 非常天王黎明
node 中科院王飞跃: cluster 非常天王黎明
node 鄧錦浩Anthony: cluster 非常天王黎明
node 破破的桥: cluster keso已被XX
node 王海勋haixun: cluster 非常天王黎明
node 屋顶上的鬼火: cluster keso已被XX
node 数学文化: cluster 非常天王黎明
node 西洋东浦: cluster 非常天王黎明
node 批判性思维启蒙: cluster keso已被XX
node Kevin_ZhengYu: cluster 勇哥liuyo
node 李航博士: cluster 非常天王黎明
node 乌云-漏洞报告平台: cluster 淘宝指数
node 柴晓路: cluster 何妈妈01
node 只观而不语: cluster 非常天王黎明
node 范举应如是: cluster 非常天王黎明
node 陆嘉恒jiaheng: cluster 非常天王黎明
node 杜子德: cluster 非常天王黎明
node 退休的方进玉: cluster keso已被XX
node 庄越挺: cluster 非常天王黎明
node 网站分析公会: cluster 淘宝指数
node zhanglei_casa: cluster 勇哥liuyo
node 学徒王自健: cluster keso已被XX
node 苏菲婭: cluster 非常天王黎明
node 王秋月RUC: cluster 非常天王黎明
node 博众资讯: cluster 淘宝指数
node Zodzod_张浩: cluster 淘宝指数
node google那点事儿: cluster 淘宝指数
node 互联网广告杂谈: cluster 勇哥liuyo
node 快滚到锅里来: cluster 淘宝指数
node 临时小号88: cluster keso已被XX
node 华章计算机科学: cluster 淘宝指数
node Haitao_ND: cluster $outlier$
node 谢文: cluster 淘宝指数
node 黄艳YanHuang: cluster 非常天王黎明
node 老榕: cluster keso已被XX
node stoneliu笨笨: cluster 非常天王黎明
node 金土成: cluster keso已被XX
node 坤为厚载: cluster 勇哥liuyo
node 微博位置: cluster 何妈妈01
node 夏加儿美术江湾校区: cluster 何妈妈01
node 爬盟中国: cluster 非常天王黎明
node 死理性派: cluster keso已被XX
node xuningtx: cluster $outlier$
node 涛阿哥: cluster 非常天王黎明
node 王宏志_存在与虚无: cluster 非常天王黎明
node 理查德陆: cluster $outlier$
node 南半球的乡下妞: cluster 何妈妈01
node 酒井鱼鱼: cluster 非常天王黎明
node 安普若-安校长: cluster keso已被XX
node mingsheng1: cluster 淘宝指数
node 往年同日: cluster 何妈妈01
node 我就是一测试账号: cluster 勇哥liuyo
node 沙叶新: cluster keso已被XX
node xu-MSRA: cluster 非常天王黎明
node 数据藤: cluster 非常天王黎明
node 李炎_诸行无常: cluster 何妈妈01
node 梁斌penny: cluster 非常天王黎明
node Sherry_Pot: cluster 勇哥liuyo
node 拨惹尘: cluster keso已被XX
node 子夏曰: cluster $outlier$
node altax: cluster 何妈妈01
node clickstone: cluster 淘宝指数
node 信息不对称: cluster $outlier$
node acmwwy: cluster 淘宝指数
node trueicdi: cluster 勇哥liuyo
node 新浪公开课: cluster keso已被XX
node 我家有个灰兔子: cluster 淘宝指数
node Sulisu: cluster keso已被XX
node 家有猫好爱睡觉: cluster 何妈妈01
node 王鹏fd: cluster 非常天王黎明
node 毛十八: cluster keso已被XX
node ricos飞飞: cluster 非常天王黎明
node 四大员工权益联盟: cluster 何妈妈01
node ChocoboXu: cluster 淘宝指数
node 老沉: cluster keso已被XX
node 复旦舆情研究实验室: cluster 淘宝指数
node Stephen_Dongdi: cluster 何妈妈01
node 陈钰骐: cluster 何妈妈01
node 黄萱菁: cluster 非常天王黎明
node 越狱指南: cluster keso已被XX
node 拓尔思: cluster 淘宝指数
node EePengLim_林一平: cluster 非常天王黎明
node 杨峰陈碧: cluster keso已被XX
node 淘宝指数: cluster 淘宝指数
node 薛定谔汤猫: cluster keso已被XX
node 绿树根echo: cluster keso已被XX
node 艾德思奇adSage: cluster 淘宝指数
node 袁腾飞: cluster keso已被XX
node Eileen的又一块奶酪: cluster keso已被XX
node HelenSH2011: cluster 非常天王黎明
node 北京厨子: cluster keso已被XX
node 才吃了五十只生蚝: cluster 非常天王黎明
node 钱伯良: cluster keso已被XX
node jason建军: cluster 何妈妈01
node 叶兆言: cluster keso已被XX
node Johoshua: cluster $outlier$
node 玄了个澄的: cluster 淘宝指数
node 江芮围棋安远路教室: cluster 何妈妈01
node 汪小帆老师: cluster $outlier$
node 太空堡垒中国联盟: cluster keso已被XX
node hjk41: cluster 非常天王黎明
node 伟雄88: cluster $outlier$
node weiw_oz: cluster 非常天王黎明
node 清华南都: cluster $outlier$
node 袁工: cluster keso已被XX
node 爱影响: cluster 淘宝指数
node 假装在纽约: cluster keso已被XX
node ruanyf: cluster 淘宝指数
node 广州苹果树AppleTree: cluster keso已被XX
node 网易汪源: cluster 淘宝指数
node 视物致知: cluster 淘宝指数
node 酒井阿粗: cluster 非常天王黎明
node 上海老照片: cluster keso已被XX
node 封新城: cluster keso已被XX
node 捕鼠器戏剧工作室: cluster 何妈妈01
node 介大校长: cluster 非常天王黎明
node 数据魔方: cluster 淘宝指数
node 美剧迷: cluster keso已被XX
node 方木重山: cluster 何妈妈01
node 长翅膀的羊_nash: cluster 淘宝指数
node 乖乖mengmeng: cluster $outlier$
node 老师木: cluster 淘宝指数
node winedrink: cluster keso已被XX
node 益肇: cluster 非常天王黎明
node Tara_小确幸: cluster 非常天王黎明
node 环球漫游通讯: cluster 淘宝指数
node 檐下燕zqy: cluster 勇哥liuyo
node 色色猴: cluster keso已被XX
node 人生只如初见默默爱: cluster keso已被XX
node 邬桑: cluster keso已被XX
node 谢勇: cluster keso已被XX
node 夕拾朝花2010: cluster 何妈妈01
node 急诊科女超人于莺: cluster keso已被XX
node 新浪网球: cluster $outlier$
node 唐绿岸Lu-An: cluster 非常天王黎明
node 哈囉李敖: cluster keso已被XX
node Fenng: cluster 淘宝指数
node 魏武挥: cluster 淘宝指数
node 胡文纲: cluster 何妈妈01
node 程学旗_ICTCAS: cluster 非常天王黎明
node qxred: cluster 何妈妈01
node Twitter那些事儿: cluster 淘宝指数
node 神机卐天下: cluster 勇哥liuyo
node 中国书画艺术: cluster keso已被XX
node 微博热搜榜: cluster 淘宝指数
node 晓耕翻露草fiona: cluster 何妈妈01
node waim2013: cluster 非常天王黎明
node Harrie: cluster 淘宝指数
node 陈村: cluster keso已被XX
node marego: cluster 非常天王黎明
node ramaccioni: cluster keso已被XX
node 丁丁的Twitter: cluster keso已被XX
node 科学探索: cluster keso已被XX
node Listerine: cluster 何妈妈01
node 魏寒枫: cluster keso已被XX
node 爱单反: cluster $outlier$
node 周傲英: cluster 何妈妈01
node 潘越_: cluster 非常天王黎明
node hemama03: cluster 何妈妈01
node TU_Wenting: cluster 淘宝指数
node 唐朝晖_adSage: cluster 淘宝指数
node 张夏天_机器学习: cluster 淘宝指数
node 蔡文渊Hypers: cluster $outlier$
node 瑞melb: cluster 非常天王黎明
node 斯库里: cluster keso已被XX
node 逸_仙: cluster keso已被XX
node 老晃微博: cluster keso已被XX
node 青媒素: cluster keso已被XX
node NWPU刘海龙: cluster 非常天王黎明
node 梓菡妈_HPP: cluster 何妈妈01
node 徐建良Jianliang: cluster 非常天王黎明
node 李海鹏: cluster keso已被XX
node 厦大林子雨: cluster 非常天王黎明
node 徐凯_KevinXu: cluster 何妈妈01
node 谷奥: cluster 淘宝指数
node 花总遥望五指山: cluster keso已被XX
node imurz: cluster 何妈妈01
node 程程鱼cheng: cluster 勇哥liuyo
node FennixXx: cluster 何妈妈01
node 燕子姐姐讲故事: cluster keso已被XX
node 家有猫好: cluster 何妈妈01
node 到哪里都是主场: cluster keso已被XX
node 刘洋THU: cluster 非常天王黎明
node 黄教授: cluster keso已被XX
node 孙剑_ai: cluster 非常天王黎明
node 我们都是有病的人: cluster keso已被XX
node 余凯_西二旗民工: cluster 非常天王黎明
node InfoQ: cluster 淘宝指数
node 互联网挖掘实验室: cluster 淘宝指数
node tianweis: cluster keso已被XX
node 神马小菜不止一碟: cluster 非常天王黎明
node 阳光下的微笑控: cluster 勇哥liuyo
node 方滨兴: cluster 非常天王黎明
node 上海人李劼: cluster keso已被XX
node __姜苗__: cluster 勇哥liuyo
node 陈利人: cluster 淘宝指数
node 朝日新闻中文网: cluster keso已被XX
node 竹人ZZ: cluster 非常天王黎明
node 吕玉才的微博: cluster 勇哥liuyo
node keso已被XX: cluster 淘宝指数
node bingjane: cluster $outlier$
node 王威廉: cluster 非常天王黎明
node 心情如洗: cluster 勇哥liuyo
node 导演娄烨: cluster keso已被XX
node BSGroup: cluster 何妈妈01
node 欣欣不适合学术: cluster 勇哥liuyo
node 邱越峰: cluster 何妈妈01
node 北平頑主: cluster keso已被XX
node biboxinxin: cluster $outlier$
node 清水湾家庭主妇: cluster 非常天王黎明
node 单之蔷: cluster keso已被XX
node CSDN云计算: cluster 淘宝指数
node 马伯庸: cluster keso已被XX
node Chen_1st: cluster 非常天王黎明
node Frank-林锋: cluster 何妈妈01
node 阿鼠微博: cluster keso已被XX
node 辟谣联盟: cluster keso已被XX
node Stonebraker: cluster 非常天王黎明
node 东东枪: cluster keso已被XX
node 彭浩翔: cluster keso已被XX
node iDataForum: cluster 淘宝指数
node 中国抗癌网官方微博: cluster keso已被XX
node 圈内电影人吐槽马甲: cluster keso已被XX
node 华东师范大学软件学院: cluster 勇哥liuyo
node xiaruifd: cluster $outlier$
node 人红河湖: cluster keso已被XX
node 熊辉Rutgers: cluster 非常天王黎明
node Jiayin00: cluster 何妈妈01
node 妖灵妖: cluster keso已被XX
node 手机号码13923127769: cluster keso已被XX
node dongminSH: cluster 勇哥liuyo
node 贺奇heqi: cluster $outlier$
node f晓园: cluster 勇哥liuyo
node 华东师范大学: cluster 勇哥liuyo
node 阿里云: cluster 淘宝指数
node 新浪娱乐: cluster keso已被XX
node 任勇_博士僧: cluster 非常天王黎明
node relnoldatyn: cluster 何妈妈01
node 上海地铁shmetro: cluster keso已被XX
node 勇哥liuyo: cluster 勇哥liuyo
node 陆老神仙: cluster keso已被XX
node NEU王斌: cluster 非常天王黎明
node 谷大白话: cluster keso已被XX
node 那些年我们关注过的微博: cluster 勇哥liuyo
node 寒冰小白龙: cluster 何妈妈01
node 百度云战略: cluster 淘宝指数
node SIGKDD2012: cluster 非常天王黎明
node 我是四条: cluster 何妈妈01
node 王敏MinWang: cluster 非常天王黎明
node Tony_Du: cluster 何妈妈01
node 图灵郭志敏: cluster 淘宝指数
node 诉_就是喜欢瞎折腾: cluster 非常天王黎明
node LAMP人: cluster 淘宝指数
node 狂澜孤岛: cluster keso已被XX
node 歪小点创意工作室: cluster keso已被XX
node 心静自酌: cluster 非常天王黎明
node 左老板吹牛: cluster keso已被XX
node 上海市天气: cluster keso已被XX
node 张奇FDU: cluster 非常天王黎明
node 留几手: cluster keso已被XX
node 丁香园: cluster keso已被XX
node 徐志明: cluster 非常天王黎明
node cinekino: cluster keso已被XX
node 卑鄙马维斯: cluster keso已被XX
node 东方早报上海书评: cluster keso已被XX
node _春风吹又生_: cluster 勇哥liuyo
node 互联网的那点事: cluster 淘宝指数
node JoTiger: cluster keso已被XX
node 宝信软件_嵇晓: cluster 非常天王黎明
node 茅于轼: cluster keso已被XX
node 北京大学李晓明: cluster 非常天王黎明
node 新浪科技: cluster 淘宝指数
node OceanBase开源: cluster 淘宝指数
node Roambi上海: cluster 何妈妈01
node mirth: cluster keso已被XX
node 健婉: cluster keso已被XX
node 赤顽设: cluster keso已被XX
node 宾波的魔桶: cluster 勇哥liuyo
node zhujie的围脖: cluster 勇哥liuyo
node 魏谦屹: cluster 勇哥liuyo
node ShangguanRPI: cluster 淘宝指数
node 孙_广中: cluster 非常天王黎明
node fengyuncrawl: cluster 淘宝指数
node 包云岗: cluster 非常天王黎明
node 陈宝权: cluster 非常天王黎明
node guoxintao: cluster keso已被XX
node 洪亮劼: cluster 非常天王黎明
node 小蝌蚪K: cluster 勇哥liuyo
node 社会网络与数据挖掘: cluster 淘宝指数
node 微天下: cluster keso已被XX
node 奥卡姆剃刀: cluster keso已被XX
node 小V: cluster keso已被XX
node 东西文库: cluster keso已被XX
node 北冥乘海生: cluster 勇哥liuyo
node 花生色魔叔: cluster 何妈妈01
node SocialBeta: cluster 淘宝指数
node shawyh: cluster 非常天王黎明
node 拟南芥: cluster keso已被XX
node 平平淡淡才是真-倪渊: cluster 非常天王黎明
node Linux中国: cluster 淘宝指数
node 月亮摇摇小鱼儿: cluster 何妈妈01
node beijingairpm25: cluster 何妈妈01
node 欧特克SketchBook: cluster 淘宝指数
node 小丫丫脚: cluster 勇哥liuyo
node 天津王姐: cluster $outlier$
node 张泉灵: cluster keso已被XX
node 粉墨判官: cluster keso已被XX
node 土耳其航空公司上海办事处: cluster 何妈妈01
node 非常天王黎明: cluster 非常天王黎明
node 凤凰社会能见度: cluster keso已被XX
node 管刚: cluster 非常天王黎明
node 张磊MSRA: cluster 非常天王黎明
node 天才小熊猫: cluster keso已被XX
node 乐行上海: cluster keso已被XX
node CSDuyong: cluster 非常天王黎明
node 复旦泉BBS_谁也不知道的秋天: cluster 何妈妈01
node KSTORE杭州研发团队: cluster 淘宝指数
node 吴益忠-Corps: cluster $outlier$
node 微博平台架构: cluster 淘宝指数
node 张东祥_NUS: cluster 非常天王黎明
node 沪中强者: cluster 何妈妈01
node cbvivi: cluster keso已被XX
node ChrisKXu苦BEE: cluster 勇哥liuyo
node YOCSEF之声: cluster 非常天王黎明
node TexasWang: cluster 何妈妈01
node feibochen: cluster $outlier$
node 金澈清: cluster 勇哥liuyo
node Yunio: cluster 淘宝指数
node 张俊林say: cluster 淘宝指数
node 朱小燕THU: cluster 非常天王黎明
node 新浪体育: cluster keso已被XX
node ___ZZJ___: cluster 非常天王黎明
node MediaV-聚胜万合: cluster 勇哥liuyo
node 贺卫方: cluster keso已被XX
node 王立R9: cluster 勇哥liuyo
node Jessie爱电影: cluster 勇哥liuyo
node 一只饭桶_张世乐: cluster 何妈妈01
node 于旭jxyu: cluster 非常天王黎明
node 1-0-1-0-1-0-1-0-1-0-0-0-0-1-11: cluster 非常天王黎明
node CHN免费网: cluster 何妈妈01
node 一找小七: cluster $outlier$
node 澎湃的心_PX: cluster keso已被XX
node 伊人是Superwoman: cluster 勇哥liuyo
node linegroup: cluster 勇哥liuyo
node WISE2013_Entity_Challenge: cluster 非常天王黎明
node NP-complete: cluster 勇哥liuyo
node 设计的那些事: cluster 淘宝指数
node 字节社: cluster 淘宝指数
node 贺瑞君_: cluster 非常天王黎明
node Yao-_0: cluster 勇哥liuyo
node 吴甘沙: cluster keso已被XX
node 莺桃小丸子闫-YanYing: cluster $outlier$
node 邹兆年: cluster 非常天王黎明
node 程序员幽默: cluster 淘宝指数
node 听海者Amigo: cluster 何妈妈01
node 王左中右: cluster keso已被XX
node 中国人工智能学会CAAI: cluster 非常天王黎明
node hehemouse: cluster 何妈妈01
node 你我团: cluster 何妈妈01
node 王伟: cluster keso已被XX
node 詹剑锋_中科院: cluster 非常天王黎明
node 戚-建中: cluster 非常天王黎明
node 袋鼠角: cluster 勇哥liuyo
node 英式没品笑话百科: cluster keso已被XX
node 大唧歪: cluster 何妈妈01
node agentzh: cluster 淘宝指数
node Google黑板报: cluster 淘宝指数
node 张高微博: cluster 非常天王黎明
node 自动学科数字化知识服务网络平台: cluster 非常天王黎明
node 54zhuzhu: cluster 淘宝指数
node 杨炯纬: cluster 勇哥liuyo
node 刀尔登: cluster keso已被XX
node 宋阳秋: cluster 非常天王黎明
node 莫之许_: cluster keso已被XX
node 王靓伟: cluster 非常天王黎明
node Source: cluster $outlier$
node 小众菜园: cluster keso已被XX
node 图灵教育: cluster 淘宝指数
node 寿黎但lidan: cluster 非常天王黎明
node 北大崔斌: cluster 非常天王黎明
node 唐宋_彭超: cluster 何妈妈01
node 半辈子: cluster keso已被XX
node 上海森宏进口标致汽车: cluster 何妈妈01
node 吕氏讲堂: cluster $outlier$
node 浪琴的琴: cluster 何妈妈01
node Zhao_Jin: cluster 非常天王黎明
node 歌之忆: cluster 非常天王黎明
node 俞白眉: cluster keso已被XX
node 胡宁: cluster 淘宝指数
node 新IT民工: cluster 淘宝指数
node _Rhein_: cluster 勇哥liuyo
node 面包霸霸: cluster 何妈妈01
node xiaoyang_unsw: cluster 非常天王黎明
node 微盘: cluster 淘宝指数
node Melodies365: cluster keso已被XX
node 最近喝红茶: cluster 何妈妈01
node Target: cluster $outlier$
node 小井老师: cluster keso已被XX
node yidsumi: cluster 勇哥liuyo
node 小诺_pinocchio: cluster 非常天王黎明
node 水木Joke版: cluster 非常天王黎明
node 李国良THU: cluster 非常天王黎明
node 敦敦伟大友谊: cluster 勇哥liuyo
node 果壳性情: cluster keso已被XX
node 一毛: cluster keso已被XX
node MinqiZhou: cluster 勇哥liuyo
node 如意Euyi: cluster 非常天王黎明
node IIRCourse: cluster 非常天王黎明
node DDDDDDDDDDDDD大叔: cluster $outlier$
node 张彦春Yanchun: cluster 非常天王黎明
node IT程序猿: cluster 淘宝指数
node 36氪: cluster 淘宝指数
node 作业本: cluster keso已被XX
node 孙时进: cluster 何妈妈01
node 清华大学出版社第三事业部: cluster 淘宝指数
node 宁财神: cluster keso已被XX
node 六年级二班-王乐乐: cluster keso已被XX
node cao-feng: cluster $outlier$
node 我爱发财小朋友: cluster 勇哥liuyo
node SinaAppEngine: cluster 淘宝指数
node veelion: cluster 淘宝指数
node 西卡_TUP: cluster 淘宝指数
node 北京赵乾坤: cluster 淘宝指数
node 王江涛的微博: cluster keso已被XX
node 麻省理工科技创业: cluster 淘宝指数
node yumoun_Lam: cluster 勇哥liuyo
node 微报告: cluster 何妈妈01
node Jedi-Shang: cluster 非常天王黎明
node 蓓儿: cluster $outlier$
node 孟卫一WeiyiMeng: cluster 非常天王黎明
node EMC中国研究院: cluster 淘宝指数
node 爱问共享资料: cluster 淘宝指数
node 天涯棋客江芮: cluster keso已被XX
node 严锋: cluster keso已被XX
node dong_xia_tong: cluster 勇哥liuyo
node Geek笑点低: cluster keso已被XX
node hashjoin: cluster 勇哥liuyo
node 邓栋DongDeng: cluster 非常天王黎明
node Nancy要加油fighting: cluster 勇哥liuyo
node 九州处处奔雷: cluster keso已被XX
node 此清可待: cluster 淘宝指数
node Kielboat: cluster keso已被XX
node 浙大陈为: cluster 淘宝指数
node 凯文城: cluster keso已被XX
node 肉唐僧: cluster keso已被XX
node 英文原版电子书: cluster keso已被XX
node 花总丢了金箍棒: cluster keso已被XX
node 徐钦勇SH: cluster keso已被XX
node habor301: cluster keso已被XX
node 李武军sjtu: cluster 非常天王黎明
node 王小科坏坏: cluster 淘宝指数
node lilac_zhang: cluster 勇哥liuyo
node Shao-Bin: cluster 非常天王黎明
node zizon: cluster 淘宝指数
node 亵渎电影: cluster keso已被XX
node Undefined-Symbol: cluster 勇哥liuyo
node 金兼斌: cluster 淘宝指数
node 王跃文: cluster keso已被XX
node USTC_笑江湖: cluster 非常天王黎明
node 橙译中科: cluster 非常天王黎明
node 擎天之父: cluster 何妈妈01
node 赵楚: cluster keso已被XX
node 无边界创新沙龙: cluster 非常天王黎明
node 朱威廉: cluster keso已被XX
node snowland: cluster 非常天王黎明
node ZENITHknight: cluster 淘宝指数
node 苏涵Suan: cluster 非常天王黎明
node 落魄书生周筱赟: cluster keso已被XX
node 北大新媒体: cluster 淘宝指数
node 胡颢继: cluster 勇哥liuyo
node 祝海通: cluster 勇哥liuyo
node hzqedison: cluster 淘宝指数
node raychzh: cluster 勇哥liuyo
node ITNLP: cluster 非常天王黎明
node 冯志伟2011: cluster 非常天王黎明
node WeiChen_RUC: cluster 非常天王黎明
node only芸芸: cluster 何妈妈01
node 华盛顿州baston: cluster $outlier$
node 诸超_小石头爸爸: cluster 淘宝指数
node 按时抽烟: cluster 何妈妈01
node 董力at北航: cluster 非常天王黎明
node 鹦鹉史航: cluster keso已被XX
node 蛋蛋石: cluster 勇哥liuyo
node 郑宇MSRA: cluster 非常天王黎明
node WebInsight互联网测评: cluster 淘宝指数
node 青少年艺校: cluster $outlier$
node 唐杰THU: cluster 非常天王黎明
node 宁静致远渡重洋: cluster 何妈妈01
node 月光博客: cluster 淘宝指数
node Ada爱做梦: cluster 勇哥liuyo
node 左小祖咒: cluster keso已被XX
node 作家崔成浩: cluster keso已被XX
node 苏中_bj: cluster 非常天王黎明
node 魏君子: cluster keso已被XX
node dao_tao: cluster 勇哥liuyo
node gtzjw: cluster 勇哥liuyo
node fcicq: cluster 淘宝指数
node 潘爱民: cluster 淘宝指数
node 心中de提拉米苏: cluster 勇哥liuyo
node 变态辣椒禁言: cluster keso已被XX
node 潘采夫: cluster keso已被XX
node 李承鹏: cluster keso已被XX
node 我是好人啊啊啊啊h: cluster 勇哥liuyo
node 头条新闻: cluster keso已被XX
node 铁蛋_李: cluster 何妈妈01
node 伊利诺伊黑旋风: cluster keso已被XX
node 我来自2052年: cluster 何妈妈01
node 不加V: cluster keso已被XX
node 谢幸Xing: cluster 非常天王黎明
node 陈染ChanIm: cluster keso已被XX
node 刘群MT-to-Death: cluster 非常天王黎明
node 舆情透视: cluster keso已被XX
node 大脸包子君: cluster 何妈妈01
node ArnetMiner: cluster 非常天王黎明
node _浪潮之巅_: cluster 淘宝指数
node xwild: cluster 淘宝指数
node 于建嵘: cluster keso已被XX
node 孙麟v: cluster $outlier$
node 老张漫画: cluster keso已被XX
node 李庄: cluster keso已被XX
node ElStar: cluster 淘宝指数
node 知乎: cluster 淘宝指数
node 美國駐港總領事館: cluster keso已被XX
node 于红DLOU: cluster 非常天王黎明
node 孙茂松: cluster 非常天王黎明
node 阿里正祥: cluster 淘宝指数
node 春春_大器晚成小狮子: cluster keso已被XX
node 永中软件官方微博: cluster 淘宝指数
node 上海陈子善: cluster keso已被XX
node 同济志飞: cluster 非常天王黎明
node 殷志君Zhijun: cluster $outlier$
node 人间指南杂志: cluster keso已被XX
node 文三娃: cluster keso已被XX
node 朱其立Kenny: cluster 非常天王黎明
node 乱七八糟的Shanny: cluster $outlier$
node 代码手雪莉de达令: cluster 勇哥liuyo
node Shanny的微博: cluster $outlier$
node YQXU2010: cluster 非常天王黎明
node 闾丘露薇: cluster keso已被XX
node 张宏江: cluster 非常天王黎明
node 哎呀数学馆好热: cluster 勇哥liuyo
node 换了号: cluster keso已被XX
node 图宾根木匠: cluster keso已被XX
node memex2010: cluster 勇哥liuyo
node tango2010: cluster keso已被XX
node 周晓方Xiaofang: cluster 非常天王黎明
node 张雅其之父: cluster 何妈妈01
node 伪文艺科学青年: cluster keso已被XX
node 王筒: cluster keso已被XX
node janole: cluster 何妈妈01
node 吴恒也: cluster keso已被XX
node 羽毛贰零壹伍预览版: cluster 勇哥liuyo
node 变态辣椒: cluster keso已被XX
node 该用户有时在有时不在: cluster 勇哥liuyo
node 裴宣手札: cluster keso已被XX
node 石扉客在北京: cluster keso已被XX
node 春卷: cluster keso已被XX
node 天下无雪的理想世界: cluster 何妈妈01
node 幻想中的完美世界: cluster 何妈妈01
node 黃秋生: cluster keso已被XX
node 上海市格致中学: cluster keso已被XX
node 戴_军: cluster 淘宝指数
node 羊羊和妃妃: cluster 勇哥liuyo
node chenleihkust: cluster 非常天王黎明
node 厦大林琛: cluster 非常天王黎明
node 罗家德: cluster 淘宝指数
node nosqlfan: cluster 淘宝指数
node 中国计算机学会CCF: cluster 非常天王黎明
node 诸老师: cluster $outlier$
node 海外倒韩派联盟: cluster keso已被XX
node 微软亚洲研究院: cluster 非常天王黎明
node tinyfool: cluster 淘宝指数
node 朱飞达_新加坡管理大学: cluster 非常天王黎明
node 译言: cluster keso已被XX
node 老FK: cluster keso已被XX
node 中国非结构化数据管理高峰论坛: cluster 何妈妈01
node LonelyPlanet: cluster keso已被XX
node 卡拉OK统计学家: cluster 何妈妈01
node 做好自己的事OK没什么大不了的: cluster 淘宝指数
node 耗资小王: cluster 淘宝指数
node xiafan68: cluster 勇哥liuyo
node 耿新跃: cluster 淘宝指数
node WYF的一位老朋友: cluster 非常天王黎明
node HeitaoAa: cluster 非常天王黎明
node 袁裕来: cluster keso已被XX
node dar_shan: cluster 何妈妈01
node 宣克炅: cluster keso已被XX
node bzhao: cluster 非常天王黎明
node 麦乐蒂草: cluster 何妈妈01
node ___pm: cluster 何妈妈01
node 邱锡鹏: cluster 非常天王黎明
node 黄章晋ster: cluster keso已被XX
node 一毛不拔大师: cluster keso已被XX
node lwt-文涛无略: cluster keso已被XX
node 顶真古denny: cluster $outlier$
node 卫西谛: cluster keso已被XX
node 陈志武: cluster keso已被XX
node manuzhang1990: cluster 勇哥liuyo
node 我的前任是个极品: cluster keso已被XX
node 刘挺: cluster 非常天王黎明
node bestzhi: cluster 非常天王黎明
node yesheng梦笔生花故里: cluster 何妈妈01
node wawayuer: cluster 勇哥liuyo
node 新浪手机: cluster 淘宝指数
node 小肚牛: cluster keso已被XX
node 爱的马斯特: cluster 淘宝指数
node 以色列在中国: cluster keso已被XX
node 果壳网: cluster keso已被XX
node Facebook那点事儿: cluster 淘宝指数
node 靳婷_FDU: cluster 非常天王黎明
node 左耳朵耗子: cluster 淘宝指数
node 朱萧木: cluster keso已被XX
node wnqian: cluster 何妈妈01
node 聚合分析: cluster 勇哥liuyo
node 十年砍柴: cluster keso已被XX
node 李雪Xueli_UQ: cluster 非常天王黎明
node TVBS: cluster 何妈妈01
node 华东师范大学海量计算研究所: cluster 勇哥liuyo
node 爱呼吸的大象: cluster 勇哥liuyo
node 李华芳: cluster keso已被XX
node 申恒涛: cluster 非常天王黎明
node bnu_chenshuo: cluster 淘宝指数
node 记录者陈宝成: cluster keso已被XX
node 宅男胖胖傻乎乎: cluster 勇哥liuyo
node 程鸡鸡: cluster keso已被XX
node 刘铁岩: cluster 非常天王黎明
node 葛剑雄: cluster keso已被XX
node 恒图铁蛋: cluster $outlier$
node 周雪cher: cluster keso已被XX
node 邱毅台湾: cluster keso已被XX
node butterjin: cluster keso已被XX
node 凌晓峰CharlesLing: cluster 非常天王黎明
node 金连文: cluster 非常天王黎明
node 199IT-互联网数据中心: cluster 淘宝指数
node 五岳散人: cluster keso已被XX
node Arber: cluster 非常天王黎明
node wusai80: cluster 非常天王黎明
node 微博开放平台: cluster 淘宝指数
node -李鹏-_: cluster 何妈妈01
node 季风书园: cluster keso已被XX
node SocialBiz: cluster 淘宝指数
node 木卫二: cluster keso已被XX
node 钭江明: cluster keso已被XX
node 长安旧梦: cluster keso已被XX
node wendy_迪迪: cluster 勇哥liuyo
node 他又回精神病院啦: cluster $outlier$
node yinan_wisc: cluster 非常天王黎明
node 和菜头: cluster keso已被XX
node ZXiaoGraphic: cluster 勇哥liuyo
node 綝間: cluster keso已被XX
node 段郎说事: cluster keso已被XX
node 樂_Song: cluster 勇哥liuyo
node 文冤阁大学士: cluster keso已被XX
node 刘苏里: cluster keso已被XX
node 吴佩筠妈妈new: cluster 何妈妈01
node 斯堪地客: cluster 非常天王黎明
node wenjie379: cluster 非常天王黎明
node 李含予: cluster 非常天王黎明
node liuchenxjtu: cluster 非常天王黎明
node 罗永浩: cluster keso已被XX
node FDU苏杰: cluster keso已被XX
node 涵BABA: cluster 非常天王黎明
node 吴爽Shirley: cluster 勇哥liuyo
node wenjie_unsw: cluster 非常天王黎明
node NP就是P: cluster 淘宝指数
node 此帐号停止更新: cluster 淘宝指数
node 禹晓辉_沐雨观澜: cluster 非常天王黎明
node latex2e: cluster 何妈妈01
node 菜园龙哥: cluster keso已被XX
node omega-gm: cluster 勇哥liuyo
node 彭煜玮WHU: cluster 非常天王黎明
node summerrlee: cluster 淘宝指数
node 李皖: cluster keso已被XX
node SAP卢东明: cluster 淘宝指数
node 周烜--他: cluster 非常天王黎明
node 发财小朋友: cluster 勇哥liuyo
node 智勇新加坡: cluster 非常天王黎明
node 丁学良: cluster keso已被XX
node 刘瑜: cluster keso已被XX
node 学到老-tangchangjie: cluster 非常天王黎明
node tttbee: cluster keso已被XX
node 欢乐的云端之上: cluster keso已被XX
node 南-游历29国: cluster 非常天王黎明
node 德川: cluster 淘宝指数
node 辣椒大爷: cluster keso已被XX
node 哈哈越越: cluster 勇哥liuyo
node 黄宇凯: cluster $outlier$
node 押沙龙: cluster keso已被XX
node 一找小八: cluster $outlier$
node 龙泉寺信息技术组: cluster 淘宝指数
node 李淼在微博: cluster keso已被XX
node UooApp优应用: cluster 何妈妈01
node 复旦张_军平: cluster 非常天王黎明
node DataScientist: cluster 淘宝指数
node 淘宝褚霸: cluster 淘宝指数
node TFCLUB变形金刚中国联盟: cluster keso已被XX
node 胡泳: cluster keso已被XX
node 华尔街日报中文网: cluster keso已被XX
node 雪娃娃童画: cluster keso已被XX
node 厦大邹权: cluster 非常天王黎明
node 单超_eric: cluster 淘宝指数
node 袁裕来律师: cluster keso已被XX
node 抓金: cluster 何妈妈01
node 淘许成Jonathan: cluster 淘宝指数
node 步仁章: cluster keso已被XX
node 刘健动画: cluster keso已被XX
node 西里村: cluster 非常天王黎明
node sigmod: cluster 非常天王黎明
node Sean王晓阳: cluster 非常天王黎明
node 良司: cluster keso已被XX
node 谁抢了我的天生胆小: cluster $outlier$
node 王尔冈: cluster keso已被XX
node CBWang: cluster 勇哥liuyo
node 曝瞳: cluster keso已被XX
node 大山坡的春: cluster 非常天王黎明
node 千千说不寻: cluster 勇哥liuyo
node iApp4Me: cluster 淘宝指数
node 勿怪幸: cluster keso已被XX
node Azalea_Du: cluster 勇哥liuyo
node 土家野夫: cluster keso已被XX
node 聚效广告平台: cluster 勇哥liuyo
node hhtsiu: cluster keso已被XX
node 微博辟谣: cluster keso已被XX
node 马强_sh: cluster 勇哥liuyo
node WeiPhone: cluster 淘宝指数
node 陈珂--arke: cluster 淘宝指数
node 糊里糊涂的ZhaoZhang: cluster 勇哥liuyo
node 汪卫_fudan: cluster 非常天王黎明
node DataV: cluster 淘宝指数
node XueminLin: cluster 非常天王黎明
--------------------------------
